build/app/intermediates/manifest_merge_blame_file/release/manifest-merger-blame-release-report.txt
1<?xml version="1.0" encoding="utf-8"?>
2<manifest xmlns:android="http://schemas.android.com/apk/res/android"
3    package="com.mycompany.cofounder"
4    android:versionCode="71"
5    android:versionName="4.0.1" >
6
7    <uses-sdk
8        android:minSdkVersion="21"
8-->src\main\AndroidManifest.xml
9        android:targetSdkVersion="34" />
9-->src\main\AndroidManifest.xml
10
11    <uses-permission android:name="android.permission.INTERNET" />
11-->src\main\AndroidManifest.xml:4:5-66
11-->src\main\AndroidManifest.xml:4:22-64
12    <uses-permission android:name="android.permission.CAMERA" />
12-->src\main\AndroidManifest.xml:5:5-64
12-->src\main\AndroidManifest.xml:5:22-62
13    <uses-permission
13-->src\main\AndroidManifest.xml:6:5-80
14        android:name="android.permission.READ_EXTERNAL_STORAGE"
14-->src\main\AndroidManifest.xml:6:22-77
15        android:maxSdkVersion="32" />
15-->[:file_picker] AndroidManifest.xml:11:9-35
16    <uses-permission android:name="android.permission.WRITE_EXTERNAL_STORAGE" />
16-->src\main\AndroidManifest.xml:7:5-81
16-->src\main\AndroidManifest.xml:7:22-78
17    <uses-permission android:name="android.permission.WAKE_LOCK" />
17-->[:firebase_messaging] AndroidManifest.xml:10:5-68
17-->[:firebase_messaging] AndroidManifest.xml:10:22-65
18    <uses-permission android:name="android.permission.ACCESS_NETWORK_STATE" /> <!-- Permissions options for the `notification` group -->
18-->[:firebase_messaging] AndroidManifest.xml:11:5-79
18-->[:firebase_messaging] AndroidManifest.xml:11:22-76
19    <uses-permission android:name="android.permission.POST_NOTIFICATIONS" />
19-->[:firebase_messaging] AndroidManifest.xml:13:5-77
19-->[:firebase_messaging] AndroidManifest.xml:13:22-74
20
21    <queries>
21-->[:file_picker] AndroidManifest.xml:13:5-19:15
22        <intent>
22-->[:file_picker] AndroidManifest.xml:14:9-18:18
23            <action android:name="android.intent.action.GET_CONTENT" />
23-->[:file_picker] AndroidManifest.xml:15:13-72
23-->[:file_picker] AndroidManifest.xml:15:21-69
24
25            <data android:mimeType="*/*" />
25-->src\main\AndroidManifest.xml:54:17-85
26        </intent>
27
28        <package android:name="com.facebook.katana" />
28-->[com.facebook.android:facebook-common:17.0.0] AndroidManifest.xml:18:9-55
28-->[com.facebook.android:facebook-common:17.0.0] AndroidManifest.xml:18:18-52
29
30        <intent>
30-->[com.razorpay:checkout:1.6.39] AndroidManifest.xml:11:9-17:18
31            <action android:name="android.intent.action.VIEW" />
31-->src\main\AndroidManifest.xml:51:17-69
31-->src\main\AndroidManifest.xml:51:25-66
32
33            <data
33-->src\main\AndroidManifest.xml:54:17-85
34                android:mimeType="*/*"
35                android:scheme="*" />
35-->src\main\AndroidManifest.xml:54:23-51
36        </intent>
37        <intent>
37-->[com.razorpay:checkout:1.6.39] AndroidManifest.xml:18:9-27:18
38            <action android:name="android.intent.action.VIEW" />
38-->src\main\AndroidManifest.xml:51:17-69
38-->src\main\AndroidManifest.xml:51:25-66
39
40            <category android:name="android.intent.category.BROWSABLE" />
40-->src\main\AndroidManifest.xml:53:17-78
40-->src\main\AndroidManifest.xml:53:27-75
41
42            <data
42-->src\main\AndroidManifest.xml:54:17-85
43                android:host="pay"
43-->src\main\AndroidManifest.xml:54:52-82
44                android:mimeType="*/*"
45                android:scheme="upi" />
45-->src\main\AndroidManifest.xml:54:23-51
46        </intent>
47        <intent>
47-->[com.razorpay:checkout:1.6.39] AndroidManifest.xml:28:9-30:18
48            <action android:name="android.intent.action.MAIN" />
48-->src\main\AndroidManifest.xml:45:17-68
48-->src\main\AndroidManifest.xml:45:25-66
49        </intent>
50        <intent>
50-->[com.razorpay:checkout:1.6.39] AndroidManifest.xml:31:9-35:18
51            <action android:name="android.intent.action.SEND" />
51-->[com.razorpay:checkout:1.6.39] AndroidManifest.xml:32:13-65
51-->[com.razorpay:checkout:1.6.39] AndroidManifest.xml:32:21-62
52
53            <data android:mimeType="*/*" />
53-->src\main\AndroidManifest.xml:54:17-85
54        </intent>
55        <intent>
55-->[com.razorpay:checkout:1.6.39] AndroidManifest.xml:36:9-38:18
56            <action android:name="rzp.device_token.share" />
56-->[com.razorpay:checkout:1.6.39] AndroidManifest.xml:37:13-61
56-->[com.razorpay:checkout:1.6.39] AndroidManifest.xml:37:21-58
57        </intent>
58    </queries> <!-- Required by older versions of Google Play services to create IID tokens -->
59    <uses-permission android:name="com.google.android.c2dm.permission.RECEIVE" />
59-->[com.google.firebase:firebase-messaging:23.4.0] AndroidManifest.xml:26:5-82
59-->[com.google.firebase:firebase-messaging:23.4.0] AndroidManifest.xml:26:22-79
60    <uses-permission android:name="com.google.android.gms.permission.AD_ID" />
60-->[com.google.android.gms:play-services-measurement-api:21.5.0] AndroidManifest.xml:25:5-79
60-->[com.google.android.gms:play-services-measurement-api:21.5.0] AndroidManifest.xml:25:22-76
61    <uses-permission android:name="android.permission.ACCESS_ADSERVICES_ATTRIBUTION" />
61-->[com.google.android.gms:play-services-measurement-api:21.5.0] AndroidManifest.xml:26:5-88
61-->[com.google.android.gms:play-services-measurement-api:21.5.0] AndroidManifest.xml:26:22-85
62    <uses-permission android:name="android.permission.ACCESS_ADSERVICES_AD_ID" />
62-->[com.google.android.gms:play-services-measurement-api:21.5.0] AndroidManifest.xml:27:5-82
62-->[com.google.android.gms:play-services-measurement-api:21.5.0] AndroidManifest.xml:27:22-79
63
64    <uses-feature
64-->[com.google.android.gms:play-services-maps:17.0.0] AndroidManifest.xml:26:5-28:35
65        android:glEsVersion="0x00020000"
65-->[com.google.android.gms:play-services-maps:17.0.0] AndroidManifest.xml:27:9-41
66        android:required="true" />
66-->[com.google.android.gms:play-services-maps:17.0.0] AndroidManifest.xml:28:9-32
67
68    <uses-permission android:name="com.google.android.finsky.permission.BIND_GET_INSTALL_REFERRER_SERVICE" />
68-->[com.google.android.gms:play-services-measurement:21.5.0] AndroidManifest.xml:26:5-110
68-->[com.google.android.gms:play-services-measurement:21.5.0] AndroidManifest.xml:26:22-107
69    <uses-permission android:name="com.google.android.providers.gsf.permission.READ_GSERVICES" />
69-->[com.google.android.recaptcha:recaptcha:18.4.0] AndroidManifest.xml:9:5-98
69-->[com.google.android.recaptcha:recaptcha:18.4.0] AndroidManifest.xml:9:22-95
70
71    <permission
71-->[androidx.core:core:1.10.1] AndroidManifest.xml:22:5-24:47
72        android:name="com.mycompany.cofounder.DYNAMIC_RECEIVER_NOT_EXPORTED_PERMISSION"
72-->[androidx.core:core:1.10.1] AndroidManifest.xml:23:9-81
73        android:protectionLevel="signature" />
73-->[androidx.core:core:1.10.1] AndroidManifest.xml:24:9-44
74
75    <uses-permission android:name="com.mycompany.cofounder.DYNAMIC_RECEIVER_NOT_EXPORTED_PERMISSION" />
75-->[androidx.core:core:1.10.1] AndroidManifest.xml:26:5-97
75-->[androidx.core:core:1.10.1] AndroidManifest.xml:26:22-94
76
77    <application
77-->src\main\AndroidManifest.xml:9:5-67:19
78        android:appComponentFactory="androidx.core.app.CoreComponentFactory"
78-->[androidx.core:core:1.10.1] AndroidManifest.xml:28:18-86
79        android:icon="@mipmap/ic_launcher"
79-->src\main\AndroidManifest.xml:12:9-43
80        android:label="FounderSync"
80-->src\main\AndroidManifest.xml:10:9-36
81        android:requestLegacyExternalStorage="true"
81-->src\main\AndroidManifest.xml:13:9-52
82        android:supportsRtl="true" >
82-->[com.facebook.android:facebook-android-sdk:17.0.0] AndroidManifest.xml:16:18-44
83
84        <!-- Facebook Meta App ID -->
85        <meta-data
85-->src\main\AndroidManifest.xml:15:9-16:55
86            android:name="com.facebook.sdk.ApplicationId"
86-->src\main\AndroidManifest.xml:15:20-65
87            android:value="@string/facebook_app_id" />
87-->src\main\AndroidManifest.xml:16:13-52
88        <meta-data
88-->src\main\AndroidManifest.xml:17:9-18:61
89            android:name="com.facebook.sdk.ClientToken"
89-->src\main\AndroidManifest.xml:17:20-63
90            android:value="@string/facebook_client_token" />
90-->src\main\AndroidManifest.xml:18:13-58
91
92        <activity
92-->src\main\AndroidManifest.xml:19:9-57:20
93            android:name="com.mycompany.cofounder.MainActivity"
93-->src\main\AndroidManifest.xml:20:13-41
94            android:configChanges="orientation|keyboardHidden|keyboard|screenSize|smallestScreenSize|locale|layoutDirection|fontScale|screenLayout|density|uiMode"
94-->src\main\AndroidManifest.xml:24:13-163
95            android:exported="true"
95-->src\main\AndroidManifest.xml:21:13-36
96            android:hardwareAccelerated="true"
96-->src\main\AndroidManifest.xml:25:13-47
97            android:launchMode="singleTop"
97-->src\main\AndroidManifest.xml:22:13-43
98            android:theme="@style/LaunchTheme"
98-->src\main\AndroidManifest.xml:23:13-47
99            android:windowSoftInputMode="adjustResize" >
99-->src\main\AndroidManifest.xml:26:13-55
100
101            <!--
102                 Specifies an Android theme to apply to this Activity as soon as
103                 the Android process has started. This theme is visible to the user
104                 while the Flutter UI initializes. After that, this theme continues
105                 to determine the Window background behind the Flutter UI.
106            -->
107            <meta-data
107-->src\main\AndroidManifest.xml:31:13-34:17
108                android:name="io.flutter.embedding.android.NormalTheme"
108-->src\main\AndroidManifest.xml:32:15-70
109                android:resource="@style/NormalTheme" />
109-->src\main\AndroidManifest.xml:33:15-52
110            <!--
111                 Displays an Android View that continues showing the launch screen
112                 Drawable until Flutter paints its first frame, then this splash
113                 screen fades out. A splash screen is useful to avoid any visual
114                 gap between the end of Android's launch screen and the painting of
115                 Flutter's first frame.
116            -->
117            <meta-data
117-->src\main\AndroidManifest.xml:40:13-43:17
118                android:name="io.flutter.embedding.android.SplashScreenDrawable"
118-->src\main\AndroidManifest.xml:41:15-79
119                android:resource="@drawable/launch_background" />
119-->src\main\AndroidManifest.xml:42:15-61
120
121            <intent-filter>
121-->src\main\AndroidManifest.xml:44:13-47:29
122                <action android:name="android.intent.action.MAIN" />
122-->src\main\AndroidManifest.xml:45:17-68
122-->src\main\AndroidManifest.xml:45:25-66
123
124                <category android:name="android.intent.category.LAUNCHER" />
124-->src\main\AndroidManifest.xml:46:17-76
124-->src\main\AndroidManifest.xml:46:27-74
125            </intent-filter>
126            <!-- Deep linking -->
127            <meta-data
127-->src\main\AndroidManifest.xml:49:13-90
128                android:name="flutter_deeplinking_enabled"
128-->src\main\AndroidManifest.xml:49:24-66
129                android:value="true" />
129-->src\main\AndroidManifest.xml:49:67-87
130
131            <intent-filter android:autoVerify="true" >
131-->src\main\AndroidManifest.xml:50:13-55:29
131-->src\main\AndroidManifest.xml:50:28-53
132                <action android:name="android.intent.action.VIEW" />
132-->src\main\AndroidManifest.xml:51:17-69
132-->src\main\AndroidManifest.xml:51:25-66
133
134                <category android:name="android.intent.category.DEFAULT" />
134-->src\main\AndroidManifest.xml:52:17-76
134-->src\main\AndroidManifest.xml:52:27-73
135                <category android:name="android.intent.category.BROWSABLE" />
135-->src\main\AndroidManifest.xml:53:17-78
135-->src\main\AndroidManifest.xml:53:27-75
136
137                <data
137-->src\main\AndroidManifest.xml:54:17-85
138                    android:host="foundersync.com"
138-->src\main\AndroidManifest.xml:54:52-82
139                    android:scheme="foundersync" />
139-->src\main\AndroidManifest.xml:54:23-51
140            </intent-filter>
141        </activity>
142
143        <!--
144             Don't delete the meta-data below.
145             This is used by the Flutter tool to generate GeneratedPluginRegistrant.java
146        -->
147        <meta-data
147-->src\main\AndroidManifest.xml:61:9-63:33
148            android:name="flutterEmbedding"
148-->src\main\AndroidManifest.xml:62:13-44
149            android:value="2" />
149-->src\main\AndroidManifest.xml:63:13-30
150
151        <service
151-->[:firebase_messaging] AndroidManifest.xml:16:9-19:72
152            android:name="io.flutter.plugins.firebase.messaging.FlutterFirebaseMessagingBackgroundService"
152-->[:firebase_messaging] AndroidManifest.xml:17:13-107
153            android:exported="false"
153-->[:firebase_messaging] AndroidManifest.xml:18:13-37
154            android:permission="android.permission.BIND_JOB_SERVICE" />
154-->[:firebase_messaging] AndroidManifest.xml:19:13-69
155        <service
155-->[:firebase_messaging] AndroidManifest.xml:20:9-26:19
156            android:name="io.flutter.plugins.firebase.messaging.FlutterFirebaseMessagingService"
156-->[:firebase_messaging] AndroidManifest.xml:21:13-97
157            android:exported="false" >
157-->[:firebase_messaging] AndroidManifest.xml:22:13-37
158            <intent-filter>
158-->[:firebase_messaging] AndroidManifest.xml:23:13-25:29
159                <action android:name="com.google.firebase.MESSAGING_EVENT" />
159-->[:firebase_messaging] AndroidManifest.xml:24:17-78
159-->[:firebase_messaging] AndroidManifest.xml:24:25-75
160            </intent-filter>
161        </service>
162
163        <receiver
163-->[:firebase_messaging] AndroidManifest.xml:28:9-35:20
164            android:name="io.flutter.plugins.firebase.messaging.FlutterFirebaseMessagingReceiver"
164-->[:firebase_messaging] AndroidManifest.xml:29:13-98
165            android:exported="true"
165-->[:firebase_messaging] AndroidManifest.xml:30:13-36
166            android:permission="com.google.android.c2dm.permission.SEND" >
166-->[:firebase_messaging] AndroidManifest.xml:31:13-73
167            <intent-filter>
167-->[:firebase_messaging] AndroidManifest.xml:32:13-34:29
168                <action android:name="com.google.android.c2dm.intent.RECEIVE" />
168-->[:firebase_messaging] AndroidManifest.xml:33:17-81
168-->[:firebase_messaging] AndroidManifest.xml:33:25-78
169            </intent-filter>
170        </receiver>
171
172        <service
172-->[:firebase_messaging] AndroidManifest.xml:37:9-41:19
173            android:name="com.google.firebase.components.ComponentDiscoveryService"
173-->[:firebase_messaging] AndroidManifest.xml:37:18-89
174            android:directBootAware="true"
174-->[com.google.firebase:firebase-common:20.4.2] AndroidManifest.xml:32:13-43
175            android:exported="false" >
175-->[com.google.firebase:firebase-perf:20.5.1] AndroidManifest.xml:13:13-37
176            <meta-data
176-->[:firebase_messaging] AndroidManifest.xml:38:13-40:85
177                android:name="com.google.firebase.components:io.flutter.plugins.firebase.messaging.FlutterFirebaseAppRegistrar"
177-->[:firebase_messaging] AndroidManifest.xml:39:17-128
178                android:value="com.google.firebase.components.ComponentRegistrar" />
178-->[:firebase_messaging] AndroidManifest.xml:40:17-82
179            <meta-data
179-->[:firebase_performance] AndroidManifest.xml:13:13-15:85
180                android:name="com.google.firebase.components:io.flutter.plugins.firebase.performance.FlutterFirebaseAppRegistrar"
180-->[:firebase_performance] AndroidManifest.xml:14:17-130
181                android:value="com.google.firebase.components.ComponentRegistrar" />
181-->[:firebase_performance] AndroidManifest.xml:15:17-82
182            <meta-data
182-->[:cloud_firestore] AndroidManifest.xml:11:13-13:85
183                android:name="com.google.firebase.components:io.flutter.plugins.firebase.firestore.FlutterFirebaseFirestoreRegistrar"
183-->[:cloud_firestore] AndroidManifest.xml:12:17-134
184                android:value="com.google.firebase.components.ComponentRegistrar" />
184-->[:cloud_firestore] AndroidManifest.xml:13:17-82
185            <meta-data
185-->[:cloud_functions] AndroidManifest.xml:11:13-13:85
186                android:name="com.google.firebase.components:io.flutter.plugins.firebase.functions.FlutterFirebaseAppRegistrar"
186-->[:cloud_functions] AndroidManifest.xml:12:17-128
187                android:value="com.google.firebase.components.ComponentRegistrar" />
187-->[:cloud_functions] AndroidManifest.xml:13:17-82
188            <meta-data
188-->[:firebase_analytics] AndroidManifest.xml:15:13-17:85
189                android:name="com.google.firebase.components:io.flutter.plugins.firebase.analytics.FlutterFirebaseAppRegistrar"
189-->[:firebase_analytics] AndroidManifest.xml:16:17-128
190                android:value="com.google.firebase.components.ComponentRegistrar" />
190-->[:firebase_analytics] AndroidManifest.xml:17:17-82
191            <meta-data
191-->[:firebase_auth] AndroidManifest.xml:11:13-13:85
192                android:name="com.google.firebase.components:io.flutter.plugins.firebase.auth.FlutterFirebaseAuthRegistrar"
192-->[:firebase_auth] AndroidManifest.xml:12:17-124
193                android:value="com.google.firebase.components.ComponentRegistrar" />
193-->[:firebase_auth] AndroidManifest.xml:13:17-82
194            <meta-data
194-->[:firebase_storage] AndroidManifest.xml:11:13-13:85
195                android:name="com.google.firebase.components:io.flutter.plugins.firebase.storage.FlutterFirebaseAppRegistrar"
195-->[:firebase_storage] AndroidManifest.xml:12:17-126
196                android:value="com.google.firebase.components.ComponentRegistrar" />
196-->[:firebase_storage] AndroidManifest.xml:13:17-82
197            <meta-data
197-->[:firebase_core] AndroidManifest.xml:11:13-13:85
198                android:name="com.google.firebase.components:io.flutter.plugins.firebase.core.FlutterFirebaseCoreRegistrar"
198-->[:firebase_core] AndroidManifest.xml:12:17-124
199                android:value="com.google.firebase.components.ComponentRegistrar" />
199-->[:firebase_core] AndroidManifest.xml:13:17-82
200            <meta-data
200-->[com.google.firebase:firebase-perf:20.5.1] AndroidManifest.xml:14:13-16:85
201                android:name="com.google.firebase.components:com.google.firebase.perf.FirebasePerfKtxRegistrar"
201-->[com.google.firebase:firebase-perf:20.5.1] AndroidManifest.xml:15:17-112
202                android:value="com.google.firebase.components.ComponentRegistrar" />
202-->[com.google.firebase:firebase-perf:20.5.1] AndroidManifest.xml:16:17-82
203            <meta-data
203-->[com.google.firebase:firebase-perf:20.5.1] AndroidManifest.xml:17:13-19:85
204                android:name="com.google.firebase.components:com.google.firebase.perf.FirebasePerfRegistrar"
204-->[com.google.firebase:firebase-perf:20.5.1] AndroidManifest.xml:18:17-109
205                android:value="com.google.firebase.components.ComponentRegistrar" />
205-->[com.google.firebase:firebase-perf:20.5.1] AndroidManifest.xml:19:17-82
206            <meta-data
206-->[com.google.firebase:firebase-sessions:1.2.0] AndroidManifest.xml:29:13-31:85
207                android:name="com.google.firebase.components:com.google.firebase.sessions.FirebaseSessionsRegistrar"
207-->[com.google.firebase:firebase-sessions:1.2.0] AndroidManifest.xml:30:17-117
208                android:value="com.google.firebase.components.ComponentRegistrar" />
208-->[com.google.firebase:firebase-sessions:1.2.0] AndroidManifest.xml:31:17-82
209            <meta-data
209-->[com.google.firebase:firebase-functions:20.4.0] AndroidManifest.xml:15:13-17:85
210                android:name="com.google.firebase.components:com.google.firebase.functions.FirebaseFunctionsKtxRegistrar"
210-->[com.google.firebase:firebase-functions:20.4.0] AndroidManifest.xml:16:17-122
211                android:value="com.google.firebase.components.ComponentRegistrar" />
211-->[com.google.firebase:firebase-functions:20.4.0] AndroidManifest.xml:17:17-82
212            <meta-data
212-->[com.google.firebase:firebase-functions:20.4.0] AndroidManifest.xml:18:13-20:85
213                android:name="com.google.firebase.components:com.google.firebase.functions.FunctionsRegistrar"
213-->[com.google.firebase:firebase-functions:20.4.0] AndroidManifest.xml:19:17-111
214                android:value="com.google.firebase.components.ComponentRegistrar" />
214-->[com.google.firebase:firebase-functions:20.4.0] AndroidManifest.xml:20:17-82
215            <meta-data
215-->[com.google.firebase:firebase-auth:22.3.1] AndroidManifest.xml:69:13-71:85
216                android:name="com.google.firebase.components:com.google.firebase.auth.FirebaseAuthRegistrar"
216-->[com.google.firebase:firebase-auth:22.3.1] AndroidManifest.xml:70:17-109
217                android:value="com.google.firebase.components.ComponentRegistrar" />
217-->[com.google.firebase:firebase-auth:22.3.1] AndroidManifest.xml:71:17-82
218            <meta-data
218-->[com.google.firebase:firebase-firestore:24.10.1] AndroidManifest.xml:17:13-19:85
219                android:name="com.google.firebase.components:com.google.firebase.firestore.FirebaseFirestoreKtxRegistrar"
219-->[com.google.firebase:firebase-firestore:24.10.1] AndroidManifest.xml:18:17-122
220                android:value="com.google.firebase.components.ComponentRegistrar" />
220-->[com.google.firebase:firebase-firestore:24.10.1] AndroidManifest.xml:19:17-82
221            <meta-data
221-->[com.google.firebase:firebase-firestore:24.10.1] AndroidManifest.xml:20:13-22:85
222                android:name="com.google.firebase.components:com.google.firebase.firestore.FirestoreRegistrar"
222-->[com.google.firebase:firebase-firestore:24.10.1] AndroidManifest.xml:21:17-111
223                android:value="com.google.firebase.components.ComponentRegistrar" />
223-->[com.google.firebase:firebase-firestore:24.10.1] AndroidManifest.xml:22:17-82
224            <meta-data
224-->[com.google.firebase:firebase-messaging:23.4.0] AndroidManifest.xml:57:13-59:85
225                android:name="com.google.firebase.components:com.google.firebase.messaging.FirebaseMessagingKtxRegistrar"
225-->[com.google.firebase:firebase-messaging:23.4.0] AndroidManifest.xml:58:17-122
226                android:value="com.google.firebase.components.ComponentRegistrar" />
226-->[com.google.firebase:firebase-messaging:23.4.0] AndroidManifest.xml:59:17-82
227            <meta-data
227-->[com.google.firebase:firebase-messaging:23.4.0] AndroidManifest.xml:60:13-62:85
228                android:name="com.google.firebase.components:com.google.firebase.messaging.FirebaseMessagingRegistrar"
228-->[com.google.firebase:firebase-messaging:23.4.0] AndroidManifest.xml:61:17-119
229                android:value="com.google.firebase.components.ComponentRegistrar" />
229-->[com.google.firebase:firebase-messaging:23.4.0] AndroidManifest.xml:62:17-82
230            <meta-data
230-->[com.google.firebase:firebase-storage:20.3.0] AndroidManifest.xml:30:13-32:85
231                android:name="com.google.firebase.components:com.google.firebase.storage.FirebaseStorageKtxRegistrar"
231-->[com.google.firebase:firebase-storage:20.3.0] AndroidManifest.xml:31:17-118
232                android:value="com.google.firebase.components.ComponentRegistrar" />
232-->[com.google.firebase:firebase-storage:20.3.0] AndroidManifest.xml:32:17-82
233            <meta-data
233-->[com.google.firebase:firebase-storage:20.3.0] AndroidManifest.xml:33:13-35:85
234                android:name="com.google.firebase.components:com.google.firebase.storage.StorageRegistrar"
234-->[com.google.firebase:firebase-storage:20.3.0] AndroidManifest.xml:34:17-107
235                android:value="com.google.firebase.components.ComponentRegistrar" />
235-->[com.google.firebase:firebase-storage:20.3.0] AndroidManifest.xml:35:17-82
236            <meta-data
236-->[com.google.firebase:firebase-iid:21.1.0] AndroidManifest.xml:32:13-34:85
237                android:name="com.google.firebase.components:com.google.firebase.iid.Registrar"
237-->[com.google.firebase:firebase-iid:21.1.0] AndroidManifest.xml:33:17-96
238                android:value="com.google.firebase.components.ComponentRegistrar" />
238-->[com.google.firebase:firebase-iid:21.1.0] AndroidManifest.xml:34:17-82
239            <meta-data
239-->[com.google.firebase:firebase-config:21.6.0] AndroidManifest.xml:29:13-31:85
240                android:name="com.google.firebase.components:com.google.firebase.remoteconfig.FirebaseRemoteConfigKtxRegistrar"
240-->[com.google.firebase:firebase-config:21.6.0] AndroidManifest.xml:30:17-128
241                android:value="com.google.firebase.components.ComponentRegistrar" />
241-->[com.google.firebase:firebase-config:21.6.0] AndroidManifest.xml:31:17-82
242            <meta-data
242-->[com.google.firebase:firebase-config:21.6.0] AndroidManifest.xml:32:13-34:85
243                android:name="com.google.firebase.components:com.google.firebase.remoteconfig.RemoteConfigRegistrar"
243-->[com.google.firebase:firebase-config:21.6.0] AndroidManifest.xml:33:17-117
244                android:value="com.google.firebase.components.ComponentRegistrar" />
244-->[com.google.firebase:firebase-config:21.6.0] AndroidManifest.xml:34:17-82
245            <meta-data
245-->[com.google.android.gms:play-services-measurement-api:21.5.0] AndroidManifest.xml:37:13-39:85
246                android:name="com.google.firebase.components:com.google.firebase.analytics.connector.internal.AnalyticsConnectorRegistrar"
246-->[com.google.android.gms:play-services-measurement-api:21.5.0] AndroidManifest.xml:38:17-139
247                android:value="com.google.firebase.components.ComponentRegistrar" />
247-->[com.google.android.gms:play-services-measurement-api:21.5.0] AndroidManifest.xml:39:17-82
248            <meta-data
248-->[com.google.firebase:firebase-installations:17.2.0] AndroidManifest.xml:15:13-17:85
249                android:name="com.google.firebase.components:com.google.firebase.installations.FirebaseInstallationsKtxRegistrar"
249-->[com.google.firebase:firebase-installations:17.2.0] AndroidManifest.xml:16:17-130
250                android:value="com.google.firebase.components.ComponentRegistrar" />
250-->[com.google.firebase:firebase-installations:17.2.0] AndroidManifest.xml:17:17-82
251            <meta-data
251-->[com.google.firebase:firebase-installations:17.2.0] AndroidManifest.xml:18:13-20:85
252                android:name="com.google.firebase.components:com.google.firebase.installations.FirebaseInstallationsRegistrar"
252-->[com.google.firebase:firebase-installations:17.2.0] AndroidManifest.xml:19:17-127
253                android:value="com.google.firebase.components.ComponentRegistrar" />
253-->[com.google.firebase:firebase-installations:17.2.0] AndroidManifest.xml:20:17-82
254            <meta-data
254-->[com.google.firebase:firebase-appcheck:17.1.1] AndroidManifest.xml:25:13-27:85
255                android:name="com.google.firebase.components:com.google.firebase.appcheck.FirebaseAppCheckKtxRegistrar"
255-->[com.google.firebase:firebase-appcheck:17.1.1] AndroidManifest.xml:26:17-120
256                android:value="com.google.firebase.components.ComponentRegistrar" />
256-->[com.google.firebase:firebase-appcheck:17.1.1] AndroidManifest.xml:27:17-82
257            <meta-data
257-->[com.google.firebase:firebase-appcheck:17.1.1] AndroidManifest.xml:28:13-30:85
258                android:name="com.google.firebase.components:com.google.firebase.appcheck.FirebaseAppCheckRegistrar"
258-->[com.google.firebase:firebase-appcheck:17.1.1] AndroidManifest.xml:29:17-117
259                android:value="com.google.firebase.components.ComponentRegistrar" />
259-->[com.google.firebase:firebase-appcheck:17.1.1] AndroidManifest.xml:30:17-82
260            <meta-data
260-->[com.google.firebase:firebase-common-ktx:20.4.2] AndroidManifest.xml:12:13-14:85
261                android:name="com.google.firebase.components:com.google.firebase.ktx.FirebaseCommonLegacyRegistrar"
261-->[com.google.firebase:firebase-common-ktx:20.4.2] AndroidManifest.xml:13:17-116
262                android:value="com.google.firebase.components.ComponentRegistrar" />
262-->[com.google.firebase:firebase-common-ktx:20.4.2] AndroidManifest.xml:14:17-82
263            <meta-data
263-->[com.google.firebase:firebase-datatransport:18.1.8] AndroidManifest.xml:27:13-29:85
264                android:name="com.google.firebase.components:com.google.firebase.datatransport.TransportRegistrar"
264-->[com.google.firebase:firebase-datatransport:18.1.8] AndroidManifest.xml:28:17-115
265                android:value="com.google.firebase.components.ComponentRegistrar" />
265-->[com.google.firebase:firebase-datatransport:18.1.8] AndroidManifest.xml:29:17-82
266            <meta-data
266-->[com.google.firebase:firebase-common:20.4.2] AndroidManifest.xml:35:13-37:85
267                android:name="com.google.firebase.components:com.google.firebase.FirebaseCommonKtxRegistrar"
267-->[com.google.firebase:firebase-common:20.4.2] AndroidManifest.xml:36:17-109
268                android:value="com.google.firebase.components.ComponentRegistrar" />
268-->[com.google.firebase:firebase-common:20.4.2] AndroidManifest.xml:37:17-82
269            <meta-data
269-->[com.google.firebase:firebase-abt:21.1.1] AndroidManifest.xml:12:13-14:85
270                android:name="com.google.firebase.components:com.google.firebase.abt.component.AbtRegistrar"
270-->[com.google.firebase:firebase-abt:21.1.1] AndroidManifest.xml:13:17-109